array(194) {
  [0]=>
  array(8) {
    ["date"]=>
    string(9) "2014-6-10"
    ["saat"]=>
    string(5) "23:59"
    ["tedad"]=>
    string(1) "7"
    ["ghimat"]=>
    float(1005000)
    ["karmozd"]=>
    string(1) "5"
    ["color"]=>
    string(7) "#84BEFF"
    ["parvaz"]=>
    int(123)
    ["tozihat"]=>
    string(0) ""
  }
  [1]=>
  array(8) {
    ["date"]=>
    string(9) "2014-6-10"
    ["saat"]=>
    string(5) "22:00"
    ["tedad"]=>
    string(1) "9"
    ["ghimat"]=>
    float(984000)
    ["karmozd"]=>
    string(1) "7"
    ["color"]=>
    string(7) "#C1DFFF"
    ["parvaz"]=>
    int(108)
    ["tozihat"]=>
    string(0) ""
  }
  [2]=>
  array(8) {
    ["date"]=>
    string(9) "2014-6-10"
    ["saat"]=>
    string(5) "22:45"
    ["tedad"]=>
    string(1) "5"
    ["ghimat"]=>
    float(1026000)
    ["karmozd"]=>
    string(1) "3"
    ["color"]=>
    string(7) "#C1DFFF"
    ["parvaz"]=>
    int(126)
    ["tozihat"]=>
    string(0) ""
  }
  [3]=>
  array(8) {
    ["date"]=>
    string(9) "2014-6-10"
    ["saat"]=>
    string(5) "17:15"
    ["tedad"]=>
    string(1) "9"
    ["ghimat"]=>
    float(900000)
    ["karmozd"]=>
    string(2) "10"
    ["color"]=>
    string(7) "#D9E89F"
    ["parvaz"]=>
    int(12)
    ["tozihat"]=>
    string(0) ""
  }
  [4]=>
  array(8) {
    ["date"]=>
    string(9) "2014-6-10"
    ["saat"]=>
    string(5) "22:30"
    ["tedad"]=>
    string(1) "9"
    ["ghimat"]=>
    float(3100000)
    ["karmozd"]=>
    string(1) "0"
    ["color"]=>
    string(7) "#6FFDC0"
    ["parvaz"]=>
    int(91)
    ["tozihat"]=>
    string(0) ""
  }
  [5]=>
  array(8) {
    ["date"]=>
    string(9) "2014-6-10"
    ["saat"]=>
    string(5) "18:15"
    ["tedad"]=>
    string(1) "6"
    ["ghimat"]=>
    float(1280000)
    ["karmozd"]=>
    string(1) "0"
    ["color"]=>
    string(7) "#5BFF5B"
    ["parvaz"]=>
    int(117)
    ["tozihat"]=>
    string(0) ""
  }
  [6]=>
  array(8) {
    ["date"]=>
    string(9) "2014-6-10"
    ["saat"]=>
    string(5) "19:30"
    ["tedad"]=>
    string(1) "9"
    ["ghimat"]=>
    float(3100000)
    ["karmozd"]=>
    string(1) "0"
    ["color"]=>
    string(7) "#C7FEE7"
    ["parvaz"]=>
    int(130)
    ["tozihat"]=>
    string(0) ""
  }
  [7]=>
  array(8) {
    ["date"]=>
    string(9) "2014-6-10"
    ["saat"]=>
    string(5) "20:00"
    ["tedad"]=>
    string(1) "9"
    ["ghimat"]=>
    float(1150000)
    ["karmozd"]=>
    string(1) "0"
    ["color"]=>
    string(7) "#9B9BCE"
    ["parvaz"]=>
    int(189)
    ["tozihat"]=>
    string(0) ""
  }
  [8]=>
  array(8) {
    ["date"]=>
    string(9) "2014-6-10"
    ["saat"]=>
    string(5) "20:30"
    ["tedad"]=>
    string(1) "2"
    ["ghimat"]=>
    float(800000)
    ["karmozd"]=>
    string(1) "0"
    ["color"]=>
    string(7) "#CBB5CE"
    ["parvaz"]=>
    int(39)
    ["tozihat"]=>
    string(0) ""
  }
  [9]=>
  array(8) {
    ["date"]=>
    string(9) "2014-6-11"
    ["saat"]=>
    string(5) "07:05"
    ["tedad"]=>
    string(1) "1"
    ["ghimat"]=>
    float(1057000)
    ["karmozd"]=>
    string(1) "0"
    ["color"]=>
    string(7) "#84BEFF"
    ["parvaz"]=>
    int(121)
    ["tozihat"]=>
    string(0) ""
  }
  [10]=>
  array(8) {
    ["date"]=>
    string(9) "2014-6-11"
    ["saat"]=>
    string(5) "07:45"
    ["tedad"]=>
    string(1) "9"
    ["ghimat"]=>
    float(1664000)
    ["karmozd"]=>
    string(1) "7"
    ["color"]=>
    string(7) "#FBDF44"
    ["parvaz"]=>
    int(16)
    ["tozihat"]=>
    string(0) ""
  }
  [11]=>
  array(8) {
    ["date"]=>
    string(9) "2014-6-11"
    ["saat"]=>
    string(5) "23:00"
    ["tedad"]=>
    string(1) "9"
    ["ghimat"]=>
    float(1005000)
    ["karmozd"]=>
    string(1) "5"
    ["color"]=>
    string(7) "#C1DFFF"
    ["parvaz"]=>
    int(108)
    ["tozihat"]=>
    string(0) ""
  }
  [12]=>
  array(8) {
    ["date"]=>
    string(9) "2014-6-11"
    ["saat"]=>
    string(5) "05:30"
    ["tedad"]=>
    string(1) "9"
    ["ghimat"]=>
    float(1664000)
    ["karmozd"]=>
    string(1) "7"
    ["color"]=>
    string(7) "#ECE2AA"
    ["parvaz"]=>
    int(19)
    ["tozihat"]=>
    string(0) ""
  }
  [13]=>
  array(8) {
    ["date"]=>
    string(9) "2014-6-11"
    ["saat"]=>
    string(5) "20:30"
    ["tedad"]=>
    string(1) "9"
    ["ghimat"]=>
    float(1280000)
    ["karmozd"]=>
    string(1) "0"
    ["color"]=>
    string(7) "#CCFFCC"
    ["parvaz"]=>
    int(115)
    ["tozihat"]=>
    string(0) ""
  }
  [14]=>
  array(8) {
    ["date"]=>
    string(9) "2014-6-11"
    ["saat"]=>
    string(5) "17:15"
    ["tedad"]=>
    string(1) "9"
    ["ghimat"]=>
    float(1305000)
    ["karmozd"]=>
    string(2) "10"
    ["color"]=>
    string(7) "#D9E89F"
    ["parvaz"]=>
    int(12)
    ["tozihat"]=>
    string(0) ""
  }
  [15]=>
  array(8) {
    ["date"]=>
    string(9) "2014-6-11"
    ["saat"]=>
    string(5) "11:45"
    ["tedad"]=>
    string(1) "1"
    ["ghimat"]=>
    float(1170000)
    ["karmozd"]=>
    string(1) "0"
    ["color"]=>
    string(7) "#CDD11B"
    ["parvaz"]=>
    int(128)
    ["tozihat"]=>
    string(0) ""
  }
  [16]=>
  array(8) {
    ["date"]=>
    string(9) "2014-6-11"
    ["saat"]=>
    string(5) "08:50"
    ["tedad"]=>
    string(1) "1"
    ["ghimat"]=>
    float(1320000)
    ["karmozd"]=>
    string(1) "0"
    ["color"]=>
    string(7) "#E1D5E3"
    ["parvaz"]=>
    int(21)
    ["tozihat"]=>
    string(43) "اقامت مينو شبي نفري 60 نت"
  }
  [17]=>
  array(8) {
    ["date"]=>
    string(9) "2014-6-11"
    ["saat"]=>
    string(5) "16:10"
    ["tedad"]=>
    string(1) "7"
    ["ghimat"]=>
    float(1322000)
    ["karmozd"]=>
    string(1) "0"
    ["color"]=>
    string(7) "#E1D5E3"
    ["parvaz"]=>
    int(175)
    ["tozihat"]=>
    string(47) "تور نخلستان 300دو شب 335سه شب"
  }
  [18]=>
  array(8) {
    ["date"]=>
    string(9) "2014-6-11"
    ["saat"]=>
    string(5) "16:30"
    ["tedad"]=>
    string(1) "7"
    ["ghimat"]=>
    float(1322000)
    ["karmozd"]=>
    string(1) "0"
    ["color"]=>
    string(7) "#E1D5E3"
    ["parvaz"]=>
    int(24)
    ["tozihat"]=>
    string(47) "تور نخلستان 300دو شب 335سه شب"
  }
  [19]=>
  array(8) {
    ["date"]=>
    string(9) "2014-6-11"
    ["saat"]=>
    string(5) "19:30"
    ["tedad"]=>
    string(1) "2"
    ["ghimat"]=>
    float(1322000)
    ["karmozd"]=>
    string(1) "0"
    ["color"]=>
    string(7) "#E1D5E3"
    ["parvaz"]=>
    int(26)
    ["tozihat"]=>
    string(0) ""
  }
  [20]=>
  array(8) {
    ["date"]=>
    string(9) "2014-6-11"
    ["saat"]=>
    string(5) "20:30"
    ["tedad"]=>
    string(1) "6"
    ["ghimat"]=>
    float(1322000)
    ["karmozd"]=>
    string(1) "0"
    ["color"]=>
    string(7) "#E1D5E3"
    ["parvaz"]=>
    int(6)
    ["tozihat"]=>
    string(0) ""
  }
  [21]=>
  array(8) {
    ["date"]=>
    string(9) "2014-6-11"
    ["saat"]=>
    string(5) "21:00"
    ["tedad"]=>
    string(1) "6"
    ["ghimat"]=>
    float(1322000)
    ["karmozd"]=>
    string(1) "0"
    ["color"]=>
    string(7) "#E1D5E3"
    ["parvaz"]=>
    int(7)
    ["tozihat"]=>
    string(0) ""
  }
  [22]=>
  array(8) {
    ["date"]=>
    string(9) "2014-6-11"
    ["saat"]=>
    string(5) "11:40"
    ["tedad"]=>
    string(1) "5"
    ["ghimat"]=>
    float(850000)
    ["karmozd"]=>
    string(1) "0"
    ["color"]=>
    string(7) "#CBB5CE"
    ["parvaz"]=>
    int(30)
    ["tozihat"]=>
    string(0) ""
  }
  [23]=>
  array(8) {
    ["date"]=>
    string(9) "2014-6-11"
    ["saat"]=>
    string(5) "12:15"
    ["tedad"]=>
    string(1) "6"
    ["ghimat"]=>
    float(780000)
    ["karmozd"]=>
    string(1) "0"
    ["color"]=>
    string(7) "#CBB5CE"
    ["parvaz"]=>
    int(31)
    ["tozihat"]=>
    string(0) ""
  }
  [24]=>
  array(8) {
    ["date"]=>
    string(9) "2014-6-11"
    ["saat"]=>
    string(5) "13:15"
    ["tedad"]=>
    string(1) "7"
    ["ghimat"]=>
    float(800000)
    ["karmozd"]=>
    string(1) "0"
    ["color"]=>
    string(7) "#CBB5CE"
    ["parvaz"]=>
    int(37)
    ["tozihat"]=>
    string(0) ""
  }
  [25]=>
  array(8) {
    ["date"]=>
    string(9) "2014-6-11"
    ["saat"]=>
    string(5) "16:45"
    ["tedad"]=>
    string(1) "5"
    ["ghimat"]=>
    float(800000)
    ["karmozd"]=>
    string(1) "0"
    ["color"]=>
    string(7) "#CBB5CE"
    ["parvaz"]=>
    int(38)
    ["tozihat"]=>
    string(0) ""
  }
  [26]=>
  array(8) {
    ["date"]=>
    string(9) "2014-6-11"
    ["saat"]=>
    string(5) "22:00"
    ["tedad"]=>
    string(1) "6"
    ["ghimat"]=>
    float(790000)
    ["karmozd"]=>
    string(1) "0"
    ["color"]=>
    string(7) "#CBB5CE"
    ["parvaz"]=>
    int(33)
    ["tozihat"]=>
    string(0) ""
  }
  [27]=>
  array(8) {
    ["date"]=>
    string(9) "2014-6-11"
    ["saat"]=>
    string(5) "22:30"
    ["tedad"]=>
    string(1) "7"
    ["ghimat"]=>
    float(750000)
    ["karmozd"]=>
    string(1) "0"
    ["color"]=>
    string(7) "#CBB5CE"
    ["parvaz"]=>
    int(39)
    ["tozihat"]=>
    string(0) ""
  }
  [28]=>
  array(8) {
    ["date"]=>
    string(9) "2014-6-11"
    ["saat"]=>
    string(5) "22:45"
    ["tedad"]=>
    string(1) "7"
    ["ghimat"]=>
    float(800000)
    ["karmozd"]=>
    string(1) "0"
    ["color"]=>
    string(7) "#CBB5CE"
    ["parvaz"]=>
    int(8)
    ["tozihat"]=>
    string(0) ""
  }
  [29]=>
  array(8) {
    ["date"]=>
    string(9) "2014-6-11"
    ["saat"]=>
    string(5) "22:45"
    ["tedad"]=>
    string(1) "7"
    ["ghimat"]=>
    float(750000)
    ["karmozd"]=>
    string(1) "0"
    ["color"]=>
    string(7) "#CBB5CE"
    ["parvaz"]=>
    int(176)
    ["tozihat"]=>
    string(0) ""
  }
  [30]=>
  array(8) {
    ["date"]=>
    string(9) "2014-6-11"
    ["saat"]=>
    string(5) "23:15"
    ["tedad"]=>
    string(1) "1"
    ["ghimat"]=>
    float(800000)
    ["karmozd"]=>
    string(1) "0"
    ["color"]=>
    string(7) "#CBB5CE"
    ["parvaz"]=>
    int(32)
    ["tozihat"]=>
    string(0) ""
  }
  [31]=>
  array(8) {
    ["date"]=>
    string(9) "2014-6-11"
    ["saat"]=>
    string(5) "18:15"
    ["tedad"]=>
    string(1) "9"
    ["ghimat"]=>
    float(1416000)
    ["karmozd"]=>
    string(2) "12"
    ["color"]=>
    string(7) "#BFBFDF"
    ["parvaz"]=>
    int(190)
    ["tozihat"]=>
    string(0) ""
  }
  [32]=>
  array(8) {
    ["date"]=>
    string(9) "2014-6-11"
    ["saat"]=>
    string(5) "19:30"
    ["tedad"]=>
    string(1) "5"
    ["ghimat"]=>
    float(1529000)
    ["karmozd"]=>
    string(1) "5"
    ["color"]=>
    string(7) "#BFBFDF"
    ["parvaz"]=>
    int(137)
    ["tozihat"]=>
    string(0) ""
  }
  [33]=>
  array(8) {
    ["date"]=>
    string(9) "2014-6-11"
    ["saat"]=>
    string(5) "11:00"
    ["tedad"]=>
    string(1) "9"
    ["ghimat"]=>
    float(3700000)
    ["karmozd"]=>
    string(1) "0"
    ["color"]=>
    string(7) "#B56AFF"
    ["parvaz"]=>
    int(119)
    ["tozihat"]=>
    string(0) ""
  }
  [34]=>
  array(8) {
    ["date"]=>
    string(9) "2014-6-12"
    ["saat"]=>
    string(5) "19:30"
    ["tedad"]=>
    string(1) "6"
    ["ghimat"]=>
    float(1112000)
    ["karmozd"]=>
    string(1) "7"
    ["color"]=>
    string(7) "#99F3FB"
    ["parvaz"]=>
    int(111)
    ["tozihat"]=>
    string(59) "داشتن بليت الکترونيک الزامي است."
  }
  [35]=>
  array(8) {
    ["date"]=>
    string(9) "2014-6-12"
    ["saat"]=>
    string(5) "12:00"
    ["tedad"]=>
    string(1) "5"
    ["ghimat"]=>
    float(1216000)
    ["karmozd"]=>
    string(1) "5"
    ["color"]=>
    string(7) "#DDD3B7"
    ["parvaz"]=>
    int(120)
    ["tozihat"]=>
    string(0) ""
  }
  [36]=>
  array(8) {
    ["date"]=>
    string(9) "2014-6-12"
    ["saat"]=>
    string(5) "07:05"
    ["tedad"]=>
    string(1) "8"
    ["ghimat"]=>
    float(1057000)
    ["karmozd"]=>
    string(1) "0"
    ["color"]=>
    string(7) "#84BEFF"
    ["parvaz"]=>
    int(121)
    ["tozihat"]=>
    string(0) ""
  }
  [37]=>
  array(8) {
    ["date"]=>
    string(9) "2014-6-12"
    ["saat"]=>
    string(5) "13:00"
    ["tedad"]=>
    string(1) "6"
    ["ghimat"]=>
    float(1057000)
    ["karmozd"]=>
    string(1) "0"
    ["color"]=>
    string(7) "#84BEFF"
    ["parvaz"]=>
    int(122)
    ["tozihat"]=>
    string(59) "داشتن بليت الکترونيک الزامي است."
  }
  [38]=>
  array(8) {
    ["date"]=>
    string(9) "2014-6-12"
    ["saat"]=>
    string(5) "23:00"
    ["tedad"]=>
    string(1) "9"
    ["ghimat"]=>
    float(1057000)
    ["karmozd"]=>
    string(1) "0"
    ["color"]=>
    string(7) "#84BEFF"
    ["parvaz"]=>
    int(112)
    ["tozihat"]=>
    string(0) ""
  }
  [39]=>
  array(8) {
    ["date"]=>
    string(9) "2014-6-12"
    ["saat"]=>
    string(5) "17:35"
    ["tedad"]=>
    string(1) "2"
    ["ghimat"]=>
    float(1674000)
    ["karmozd"]=>
    string(1) "7"
    ["color"]=>
    string(7) "#84BEFF"
    ["parvaz"]=>
    int(1)
    ["tozihat"]=>
    string(0) ""
  }
  [40]=>
  array(8) {
    ["date"]=>
    string(9) "2014-6-12"
    ["saat"]=>
    string(5) "17:20"
    ["tedad"]=>
    string(1) "5"
    ["ghimat"]=>
    float(1112000)
    ["karmozd"]=>
    string(1) "7"
    ["color"]=>
    string(7) "#D0FAFD"
    ["parvaz"]=>
    int(113)
    ["tozihat"]=>
    string(59) "داشتن بليت الکترونيک الزامي است."
  }
  [41]=>
  array(8) {
    ["date"]=>
    string(9) "2014-6-12"
    ["saat"]=>
    string(5) "05:05"
    ["tedad"]=>
    string(1) "9"
    ["ghimat"]=>
    float(1057000)
    ["karmozd"]=>
    string(1) "0"
    ["color"]=>
    string(7) "#C1DFFF"
    ["parvaz"]=>
    int(124)
    ["tozihat"]=>
    string(0) ""
  }
  [42]=>
  array(8) {
    ["date"]=>
    string(9) "2014-6-12"
    ["saat"]=>
    string(5) "07:20"
    ["tedad"]=>
    string(1) "9"
    ["ghimat"]=>
    float(1057000)
    ["karmozd"]=>
    string(1) "0"
    ["color"]=>
    string(7) "#C1DFFF"
    ["parvaz"]=>
    int(125)
    ["tozihat"]=>
    string(59) "داشتن بليت الکترونيک الزامي است."
  }
  [43]=>
  array(8) {
    ["date"]=>
    string(9) "2014-6-12"
    ["saat"]=>
    string(5) "17:45"
    ["tedad"]=>
    string(1) "6"
    ["ghimat"]=>
    float(1036000)
    ["karmozd"]=>
    string(1) "2"
    ["color"]=>
    string(7) "#C1DFFF"
    ["parvaz"]=>
    int(2)
    ["tozihat"]=>
    string(0) ""
  }
  [44]=>
  array(8) {
    ["date"]=>
    string(9) "2014-6-12"
    ["saat"]=>
    string(5) "21:00"
    ["tedad"]=>
    string(1) "9"
    ["ghimat"]=>
    float(1026000)
    ["karmozd"]=>
    string(1) "3"
    ["color"]=>
    string(7) "#C1DFFF"
    ["parvaz"]=>
    int(108)
    ["tozihat"]=>
    string(0) ""
  }
  [45]=>
  array(8) {
    ["date"]=>
    string(9) "2014-6-12"
    ["saat"]=>
    string(5) "21:30"
    ["tedad"]=>
    string(1) "9"
    ["ghimat"]=>
    float(1057000)
    ["karmozd"]=>
    string(1) "0"
    ["color"]=>
    string(7) "#C1DFFF"
    ["parvaz"]=>
    int(114)
    ["tozihat"]=>
    string(0) ""
  }
  [46]=>
  array(8) {
    ["date"]=>
    string(9) "2014-6-12"
    ["saat"]=>
    string(5) "09:15"
    ["tedad"]=>
    string(1) "9"
    ["ghimat"]=>
    float(1900000)
    ["karmozd"]=>
    string(1) "7"
    ["color"]=>
    string(7) "#CBEDE3"
    ["parvaz"]=>
    int(152)
    ["tozihat"]=>
    string(0) ""
  }
  [47]=>
  array(8) {
    ["date"]=>
    string(9) "2014-6-12"
    ["saat"]=>
    string(5) "09:15"
    ["tedad"]=>
    string(1) "1"
    ["ghimat"]=>
    float(1737000)
    ["karmozd"]=>
    string(2) "15"
    ["color"]=>
    string(7) "#CBEDE3"
    ["parvaz"]=>
    int(152)
    ["tozihat"]=>
    string(0) ""
  }
  [48]=>
  array(8) {
    ["date"]=>
    string(9) "2014-6-12"
    ["saat"]=>
    string(5) "21:55"
    ["tedad"]=>
    string(1) "9"
    ["ghimat"]=>
    float(925000)
    ["karmozd"]=>
    string(1) "5"
    ["color"]=>
    string(7) "#FFAAD5"
    ["parvaz"]=>
    int(153)
    ["tozihat"]=>
    string(59) "داشتن بليت الکترونيک الزامي است."
  }
  [49]=>
  array(8) {
    ["date"]=>
    string(9) "2014-6-12"
    ["saat"]=>
    string(5) "17:15"
    ["tedad"]=>
    string(1) "9"
    ["ghimat"]=>
    float(900000)
    ["karmozd"]=>
    string(2) "10"
    ["color"]=>
    string(7) "#D9E89F"
    ["parvaz"]=>
    int(12)
    ["tozihat"]=>
    string(0) ""
  }
  [50]=>
  array(8) {
    ["date"]=>
    string(9) "2014-6-12"
    ["saat"]=>
    string(5) "09:45"
    ["tedad"]=>
    string(1) "2"
    ["ghimat"]=>
    float(1300000)
    ["karmozd"]=>
    string(1) "0"
    ["color"]=>
    string(7) "#E1D5E3"
    ["parvaz"]=>
    int(3)
    ["tozihat"]=>
    string(47) "تور نخلستان 300دو شب 335سه شب"
  }
  [51]=>
  array(8) {
    ["date"]=>
    string(9) "2014-6-12"
    ["saat"]=>
    string(5) "11:00"
    ["tedad"]=>
    string(1) "9"
    ["ghimat"]=>
    float(1300000)
    ["karmozd"]=>
    string(1) "0"
    ["color"]=>
    string(7) "#E1D5E3"
    ["parvaz"]=>
    int(34)
    ["tozihat"]=>
    string(47) "تور نخلستان 300دو شب 335سه شب"
  }
  [52]=>
  array(8) {
    ["date"]=>
    string(9) "2014-6-12"
    ["saat"]=>
    string(5) "12:10"
    ["tedad"]=>
    string(1) "1"
    ["ghimat"]=>
    float(1322000)
    ["karmozd"]=>
    string(1) "0"
    ["color"]=>
    string(7) "#E1D5E3"
    ["parvaz"]=>
    int(4)
    ["tozihat"]=>
    string(0) ""
  }
  [53]=>
  array(8) {
    ["date"]=>
    string(9) "2014-6-12"
    ["saat"]=>
    string(5) "13:00"
    ["tedad"]=>
    string(1) "5"
    ["ghimat"]=>
    float(1500000)
    ["karmozd"]=>
    string(1) "0"
    ["color"]=>
    string(7) "#E1D5E3"
    ["parvaz"]=>
    int(5)
    ["tozihat"]=>
    string(0) ""
  }
  [54]=>
  array(8) {
    ["date"]=>
    string(9) "2014-6-12"
    ["saat"]=>
    string(5) "15:45"
    ["tedad"]=>
    string(1) "9"
    ["ghimat"]=>
    float(1322000)
    ["karmozd"]=>
    string(1) "0"
    ["color"]=>
    string(7) "#E1D5E3"
    ["parvaz"]=>
    int(21)
    ["tozihat"]=>
    string(0) ""
  }
  [55]=>
  array(8) {
    ["date"]=>
    string(9) "2014-6-12"
    ["saat"]=>
    string(5) "16:10"
    ["tedad"]=>
    string(1) "9"
    ["ghimat"]=>
    float(1322000)
    ["karmozd"]=>
    string(1) "0"
    ["color"]=>
    string(7) "#E1D5E3"
    ["parvaz"]=>
    int(175)
    ["tozihat"]=>
    string(0) ""
  }
  [56]=>
  array(8) {
    ["date"]=>
    string(9) "2014-6-12"
    ["saat"]=>
    string(5) "19:30"
    ["tedad"]=>
    string(1) "9"
    ["ghimat"]=>
    float(1322000)
    ["karmozd"]=>
    string(1) "0"
    ["color"]=>
    string(7) "#E1D5E3"
    ["parvaz"]=>
    int(26)
    ["tozihat"]=>
    string(0) ""
  }
  [57]=>
  array(8) {
    ["date"]=>
    string(9) "2014-6-12"
    ["saat"]=>
    string(5) "19:30"
    ["tedad"]=>
    string(1) "9"
    ["ghimat"]=>
    float(1322000)
    ["karmozd"]=>
    string(1) "0"
    ["color"]=>
    string(7) "#E1D5E3"
    ["parvaz"]=>
    int(25)
    ["tozihat"]=>
    string(0) ""
  }
  [58]=>
  array(8) {
    ["date"]=>
    string(9) "2014-6-12"
    ["saat"]=>
    string(5) "19:45"
    ["tedad"]=>
    string(1) "5"
    ["ghimat"]=>
    float(1322000)
    ["karmozd"]=>
    string(1) "0"
    ["color"]=>
    string(7) "#E1D5E3"
    ["parvaz"]=>
    int(6)
    ["tozihat"]=>
    string(0) ""
  }
  [59]=>
  array(8) {
    ["date"]=>
    string(9) "2014-6-12"
    ["saat"]=>
    string(5) "20:45"
    ["tedad"]=>
    string(1) "9"
    ["ghimat"]=>
    float(1322000)
    ["karmozd"]=>
    string(1) "0"
    ["color"]=>
    string(7) "#E1D5E3"
    ["parvaz"]=>
    int(7)
    ["tozihat"]=>
    string(0) ""
  }
  [60]=>
  array(8) {
    ["date"]=>
    string(9) "2014-6-12"
    ["saat"]=>
    string(5) "12:00"
    ["tedad"]=>
    string(1) "9"
    ["ghimat"]=>
    float(1900000)
    ["karmozd"]=>
    string(1) "7"
    ["color"]=>
    string(7) "#92DAC6"
    ["parvaz"]=>
    int(154)
    ["tozihat"]=>
    string(0) ""
  }
  [61]=>
  array(8) {
    ["date"]=>
    string(9) "2014-6-12"
    ["saat"]=>
    string(5) "12:00"
    ["tedad"]=>
    string(1) "4"
    ["ghimat"]=>
    float(1737000)
    ["karmozd"]=>
    string(2) "15"
    ["color"]=>
    string(7) "#92DAC6"
    ["parvaz"]=>
    int(154)
    ["tozihat"]=>
    string(0) ""
  }
  [62]=>
  array(8) {
    ["date"]=>
    string(9) "2014-6-12"
    ["saat"]=>
    string(5) "07:00"
    ["tedad"]=>
    string(1) "9"
    ["ghimat"]=>
    float(925000)
    ["karmozd"]=>
    string(1) "5"
    ["color"]=>
    string(7) "#FF6AB5"
    ["parvaz"]=>
    int(129)
    ["tozihat"]=>
    string(0) ""
  }
  [63]=>
  array(8) {
    ["date"]=>
    string(9) "2014-6-12"
    ["saat"]=>
    string(5) "23:40"
    ["tedad"]=>
    string(1) "9"
    ["ghimat"]=>
    float(925000)
    ["karmozd"]=>
    string(1) "5"
    ["color"]=>
    string(7) "#FF6AB5"
    ["parvaz"]=>
    int(155)
    ["tozihat"]=>
    string(59) "داشتن بليت الکترونيک الزامي است."
  }
  [64]=>
  array(8) {
    ["date"]=>
    string(9) "2014-6-12"
    ["saat"]=>
    string(5) "10:00"
    ["tedad"]=>
    string(1) "5"
    ["ghimat"]=>
    float(1216000)
    ["karmozd"]=>
    string(1) "5"
    ["color"]=>
    string(7) "#EDE8D8"
    ["parvaz"]=>
    int(131)
    ["tozihat"]=>
    string(0) ""
  }
  [65]=>
  array(8) {
    ["date"]=>
    string(9) "2014-6-12"
    ["saat"]=>
    string(5) "14:15"
    ["tedad"]=>
    string(1) "4"
    ["ghimat"]=>
    float(1395000)
    ["karmozd"]=>
    string(2) "10"
    ["color"]=>
    string(7) "#B5D044"
    ["parvaz"]=>
    int(35)
    ["tozihat"]=>
    string(0) ""
  }
  [66]=>
  array(8) {
    ["date"]=>
    string(9) "2014-6-12"
    ["saat"]=>
    string(5) "20:00"
    ["tedad"]=>
    string(1) "5"
    ["ghimat"]=>
    float(1440000)
    ["karmozd"]=>
    string(2) "10"
    ["color"]=>
    string(7) "#B5D044"
    ["parvaz"]=>
    int(40)
    ["tozihat"]=>
    string(0) ""
  }
  [67]=>
  array(8) {
    ["date"]=>
    string(9) "2014-6-12"
    ["saat"]=>
    string(5) "14:30"
    ["tedad"]=>
    string(1) "5"
    ["ghimat"]=>
    float(1530000)
    ["karmozd"]=>
    string(2) "15"
    ["color"]=>
    string(7) "#B5D044"
    ["parvaz"]=>
    int(136)
    ["tozihat"]=>
    string(0) ""
  }
  [68]=>
  array(8) {
    ["date"]=>
    string(9) "2014-6-12"
    ["saat"]=>
    string(5) "12:15"
    ["tedad"]=>
    string(1) "8"
    ["ghimat"]=>
    float(990000)
    ["karmozd"]=>
    string(1) "0"
    ["color"]=>
    string(7) "#CBB5CE"
    ["parvaz"]=>
    int(31)
    ["tozihat"]=>
    string(0) ""
  }
  [69]=>
  array(8) {
    ["date"]=>
    string(9) "2014-6-12"
    ["saat"]=>
    string(5) "13:15"
    ["tedad"]=>
    string(1) "5"
    ["ghimat"]=>
    float(950000)
    ["karmozd"]=>
    string(1) "0"
    ["color"]=>
    string(7) "#CBB5CE"
    ["parvaz"]=>
    int(37)
    ["tozihat"]=>
    string(0) ""
  }
  [70]=>
  array(8) {
    ["date"]=>
    string(9) "2014-6-12"
    ["saat"]=>
    string(5) "18:00"
    ["tedad"]=>
    string(1) "3"
    ["ghimat"]=>
    float(990000)
    ["karmozd"]=>
    string(1) "0"
    ["color"]=>
    string(7) "#CBB5CE"
    ["parvaz"]=>
    int(176)
    ["tozihat"]=>
    string(0) ""
  }
  [71]=>
  array(8) {
    ["date"]=>
    string(9) "2014-6-12"
    ["saat"]=>
    string(5) "20:00"
    ["tedad"]=>
    string(1) "5"
    ["ghimat"]=>
    float(3600000)
    ["karmozd"]=>
    string(1) "0"
    ["color"]=>
    string(7) "#B56AFF"
    ["parvaz"]=>
    int(119)
    ["tozihat"]=>
    string(0) ""
  }
  [72]=>
  array(8) {
    ["date"]=>
    string(9) "2014-6-13"
    ["saat"]=>
    string(5) "16:45"
    ["tedad"]=>
    string(1) "4"
    ["ghimat"]=>
    float(1112000)
    ["karmozd"]=>
    string(1) "7"
    ["color"]=>
    string(7) "#99F3FB"
    ["parvaz"]=>
    int(133)
    ["tozihat"]=>
    string(59) "داشتن بليت الکترونيک الزامي است."
  }
  [73]=>
  array(8) {
    ["date"]=>
    string(9) "2014-6-13"
    ["saat"]=>
    string(5) "03:15"
    ["tedad"]=>
    string(1) "9"
    ["ghimat"]=>
    float(5000000)
    ["karmozd"]=>
    string(1) "0"
    ["color"]=>
    string(7) "#FF6C6C"
    ["parvaz"]=>
    int(158)
    ["tozihat"]=>
    string(44) "تماس :داخلي 112-288-105-285-386-107"
  }
  [74]=>
  array(8) {
    ["date"]=>
    string(9) "2014-6-13"
    ["saat"]=>
    string(5) "16:30"
    ["tedad"]=>
    string(1) "1"
    ["ghimat"]=>
    float(1439000)
    ["karmozd"]=>
    string(1) "0"
    ["color"]=>
    string(7) "#E7CAA3"
    ["parvaz"]=>
    int(134)
    ["tozihat"]=>
    string(0) ""
  }
  [75]=>
  array(8) {
    ["date"]=>
    string(9) "2014-6-13"
    ["saat"]=>
    string(5) "10:45"
    ["tedad"]=>
    string(1) "5"
    ["ghimat"]=>
    float(1026000)
    ["karmozd"]=>
    string(1) "3"
    ["color"]=>
    string(7) "#84BEFF"
    ["parvaz"]=>
    int(121)
    ["tozihat"]=>
    string(0) ""
  }
  [76]=>
  array(8) {
    ["date"]=>
    string(9) "2014-6-13"
    ["saat"]=>
    string(5) "12:15"
    ["tedad"]=>
    string(1) "9"
    ["ghimat"]=>
    float(1026000)
    ["karmozd"]=>
    string(1) "3"
    ["color"]=>
    string(7) "#84BEFF"
    ["parvaz"]=>
    int(138)
    ["tozihat"]=>
    string(59) "داشتن بليت الکترونيک الزامي است."
  }
  [77]=>
  array(8) {
    ["date"]=>
    string(9) "2014-6-13"
    ["saat"]=>
    string(5) "23:10"
    ["tedad"]=>
    string(1) "9"
    ["ghimat"]=>
    float(1057000)
    ["karmozd"]=>
    string(1) "0"
    ["color"]=>
    string(7) "#84BEFF"
    ["parvaz"]=>
    int(112)
    ["tozihat"]=>
    string(0) ""
  }
  [78]=>
  array(8) {
    ["date"]=>
    string(9) "2014-6-13"
    ["saat"]=>
    string(5) "12:40"
    ["tedad"]=>
    string(1) "5"
    ["ghimat"]=>
    float(1740000)
    ["karmozd"]=>
    string(1) "5"
    ["color"]=>
    string(7) "#B4C497"
    ["parvaz"]=>
    int(15)
    ["tozihat"]=>
    string(0) ""
  }
  [79]=>
  array(8) {
    ["date"]=>
    string(9) "2014-6-13"
    ["saat"]=>
    string(5) "14:40"
    ["tedad"]=>
    string(1) "5"
    ["ghimat"]=>
    float(1112000)
    ["karmozd"]=>
    string(1) "7"
    ["color"]=>
    string(7) "#D0FAFD"
    ["parvaz"]=>
    int(135)
    ["tozihat"]=>
    string(59) "داشتن بليت الکترونيک الزامي است."
  }
  [80]=>
  array(8) {
    ["date"]=>
    string(9) "2014-6-13"
    ["saat"]=>
    string(5) "05:15"
    ["tedad"]=>
    string(1) "9"
    ["ghimat"]=>
    float(1057000)
    ["karmozd"]=>
    string(1) "0"
    ["color"]=>
    string(7) "#C1DFFF"
    ["parvaz"]=>
    int(139)
    ["tozihat"]=>
    string(59) "داشتن بليت الکترونيک الزامي است."
  }
  [81]=>
  array(8) {
    ["date"]=>
    string(9) "2014-6-13"
    ["saat"]=>
    string(5) "09:00"
    ["tedad"]=>
    string(1) "8"
    ["ghimat"]=>
    float(1057000)
    ["karmozd"]=>
    string(1) "0"
    ["color"]=>
    string(7) "#C1DFFF"
    ["parvaz"]=>
    int(124)
    ["tozihat"]=>
    string(0) ""
  }
  [82]=>
  array(8) {
    ["date"]=>
    string(9) "2014-6-13"
    ["saat"]=>
    string(5) "17:45"
    ["tedad"]=>
    string(1) "9"
    ["ghimat"]=>
    float(1036000)
    ["karmozd"]=>
    string(1) "2"
    ["color"]=>
    string(7) "#C1DFFF"
    ["parvaz"]=>
    int(2)
    ["tozihat"]=>
    string(0) ""
  }
  [83]=>
  array(8) {
    ["date"]=>
    string(9) "2014-6-13"
    ["saat"]=>
    string(5) "21:30"
    ["tedad"]=>
    string(1) "9"
    ["ghimat"]=>
    float(1057000)
    ["karmozd"]=>
    string(1) "0"
    ["color"]=>
    string(7) "#C1DFFF"
    ["parvaz"]=>
    int(114)
    ["tozihat"]=>
    string(0) ""
  }
  [84]=>
  array(8) {
    ["date"]=>
    string(9) "2014-6-13"
    ["saat"]=>
    string(5) "22:00"
    ["tedad"]=>
    string(1) "9"
    ["ghimat"]=>
    float(1005000)
    ["karmozd"]=>
    string(1) "5"
    ["color"]=>
    string(7) "#C1DFFF"
    ["parvaz"]=>
    int(108)
    ["tozihat"]=>
    string(0) ""
  }
  [85]=>
  array(8) {
    ["date"]=>
    string(9) "2014-6-13"
    ["saat"]=>
    string(5) "19:45"
    ["tedad"]=>
    string(1) "8"
    ["ghimat"]=>
    float(925000)
    ["karmozd"]=>
    string(1) "5"
    ["color"]=>
    string(7) "#FFAAD5"
    ["parvaz"]=>
    int(153)
    ["tozihat"]=>
    string(59) "داشتن بليت الکترونيک الزامي است."
  }
  [86]=>
  array(8) {
    ["date"]=>
    string(9) "2014-6-13"
    ["saat"]=>
    string(5) "06:00"
    ["tedad"]=>
    string(1) "4"
    ["ghimat"]=>
    float(1170000)
    ["karmozd"]=>
    string(2) "10"
    ["color"]=>
    string(7) "#D9E89F"
    ["parvaz"]=>
    int(11)
    ["tozihat"]=>
    string(0) ""
  }
  [87]=>
  array(8) {
    ["date"]=>
    string(9) "2014-6-13"
    ["saat"]=>
    string(5) "15:00"
    ["tedad"]=>
    string(1) "2"
    ["ghimat"]=>
    float(1035000)
    ["karmozd"]=>
    string(2) "10"
    ["color"]=>
    string(7) "#D9E89F"
    ["parvaz"]=>
    int(79)
    ["tozihat"]=>
    string(0) ""
  }
  [88]=>
  array(8) {
    ["date"]=>
    string(9) "2014-6-13"
    ["saat"]=>
    string(5) "17:15"
    ["tedad"]=>
    string(1) "9"
    ["ghimat"]=>
    float(990000)
    ["karmozd"]=>
    string(2) "10"
    ["color"]=>
    string(7) "#D9E89F"
    ["parvaz"]=>
    int(12)
    ["tozihat"]=>
    string(0) ""
  }
  [89]=>
  array(8) {
    ["date"]=>
    string(9) "2014-6-13"
    ["saat"]=>
    string(5) "07:10"
    ["tedad"]=>
    string(1) "2"
    ["ghimat"]=>
    float(1030000)
    ["karmozd"]=>
    string(1) "0"
    ["color"]=>
    string(7) "#E1D5E3"
    ["parvaz"]=>
    int(4)
    ["tozihat"]=>
    string(69) "رزرو آنلاين اقامت تير ماه هتل هاي مشهد"
  }
  [90]=>
  array(8) {
    ["date"]=>
    string(9) "2014-6-13"
    ["saat"]=>
    string(5) "11:30"
    ["tedad"]=>
    string(1) "1"
    ["ghimat"]=>
    float(940000)
    ["karmozd"]=>
    string(1) "0"
    ["color"]=>
    string(7) "#E1D5E3"
    ["parvaz"]=>
    int(175)
    ["tozihat"]=>
    string(0) ""
  }
  [91]=>
  array(8) {
    ["date"]=>
    string(9) "2014-6-13"
    ["saat"]=>
    string(5) "13:00"
    ["tedad"]=>
    string(1) "9"
    ["ghimat"]=>
    float(1000000)
    ["karmozd"]=>
    string(1) "0"
    ["color"]=>
    string(7) "#E1D5E3"
    ["parvaz"]=>
    int(5)
    ["tozihat"]=>
    string(0) ""
  }
  [92]=>
  array(8) {
    ["date"]=>
    string(9) "2014-6-13"
    ["saat"]=>
    string(5) "14:30"
    ["tedad"]=>
    string(1) "9"
    ["ghimat"]=>
    float(1000000)
    ["karmozd"]=>
    string(1) "0"
    ["color"]=>
    string(7) "#E1D5E3"
    ["parvaz"]=>
    int(24)
    ["tozihat"]=>
    string(0) ""
  }
  [93]=>
  array(8) {
    ["date"]=>
    string(9) "2014-6-13"
    ["saat"]=>
    string(5) "19:45"
    ["tedad"]=>
    string(1) "3"
    ["ghimat"]=>
    float(900000)
    ["karmozd"]=>
    string(1) "0"
    ["color"]=>
    string(7) "#E1D5E3"
    ["parvaz"]=>
    int(6)
    ["tozihat"]=>
    string(0) ""
  }
  [94]=>
  array(8) {
    ["date"]=>
    string(9) "2014-6-13"
    ["saat"]=>
    string(5) "20:30"
    ["tedad"]=>
    string(1) "7"
    ["ghimat"]=>
    float(850000)
    ["karmozd"]=>
    string(1) "0"
    ["color"]=>
    string(7) "#E1D5E3"
    ["parvaz"]=>
    int(25)
    ["tozihat"]=>
    string(0) ""
  }
  [95]=>
  array(8) {
    ["date"]=>
    string(9) "2014-6-13"
    ["saat"]=>
    string(5) "21:00"
    ["tedad"]=>
    string(1) "9"
    ["ghimat"]=>
    float(850000)
    ["karmozd"]=>
    string(1) "0"
    ["color"]=>
    string(7) "#E1D5E3"
    ["parvaz"]=>
    int(7)
    ["tozihat"]=>
    string(0) ""
  }
  [96]=>
  array(8) {
    ["date"]=>
    string(9) "2014-6-13"
    ["saat"]=>
    string(5) "21:45"
    ["tedad"]=>
    string(1) "2"
    ["ghimat"]=>
    float(925000)
    ["karmozd"]=>
    string(1) "5"
    ["color"]=>
    string(7) "#FF6AB5"
    ["parvaz"]=>
    int(155)
    ["tozihat"]=>
    string(59) "داشتن بليت الکترونيک الزامي است."
  }
  [97]=>
  array(8) {
    ["date"]=>
    string(9) "2014-6-13"
    ["saat"]=>
    string(5) "00:30"
    ["tedad"]=>
    string(1) "9"
    ["ghimat"]=>
    float(5000000)
    ["karmozd"]=>
    string(1) "0"
    ["color"]=>
    string(7) "#FFAAAA"
    ["parvaz"]=>
    int(159)
    ["tozihat"]=>
    string(44) "تماس :داخلي 112-288-105-285-386-107"
  }
  [98]=>
  array(8) {
    ["date"]=>
    string(9) "2014-6-13"
    ["saat"]=>
    string(5) "14:15"
    ["tedad"]=>
    string(1) "9"
    ["ghimat"]=>
    float(1440000)
    ["karmozd"]=>
    string(2) "10"
    ["color"]=>
    string(7) "#B5D044"
    ["parvaz"]=>
    int(35)
    ["tozihat"]=>
    string(0) ""
  }
  [99]=>
  array(8) {
    ["date"]=>
    string(9) "2014-6-13"
    ["saat"]=>
    string(5) "11:00"
    ["tedad"]=>
    string(1) "9"
    ["ghimat"]=>
    float(4200000)
    ["karmozd"]=>
    string(1) "0"
    ["color"]=>
    string(7) "#FF80C0"
    ["parvaz"]=>
    int(132)
    ["tozihat"]=>
    string(0) ""
  }
  [100]=>
  array(8) {
    ["date"]=>
    string(9) "2014-6-13"
    ["saat"]=>
    string(5) "12:00"
    ["tedad"]=>
    string(1) "9"
    ["ghimat"]=>
    float(1322000)
    ["karmozd"]=>
    string(1) "0"
    ["color"]=>
    string(7) "#CBB5CE"
    ["parvaz"]=>
    int(37)
    ["tozihat"]=>
    string(0) ""
  }
  [101]=>
  array(8) {
    ["date"]=>
    string(9) "2014-6-13"
    ["saat"]=>
    string(5) "12:15"
    ["tedad"]=>
    string(1) "9"
    ["ghimat"]=>
    float(1322000)
    ["karmozd"]=>
    string(1) "0"
    ["color"]=>
    string(7) "#CBB5CE"
    ["parvaz"]=>
    int(31)
    ["tozihat"]=>
    string(0) ""
  }
  [102]=>
  array(8) {
    ["date"]=>
    string(9) "2014-6-13"
    ["saat"]=>
    string(5) "13:30"
    ["tedad"]=>
    string(1) "9"
    ["ghimat"]=>
    float(1322000)
    ["karmozd"]=>
    string(1) "0"
    ["color"]=>
    string(7) "#CBB5CE"
    ["parvaz"]=>
    int(28)
    ["tozihat"]=>
    string(0) ""
  }
  [103]=>
  array(8) {
    ["date"]=>
    string(9) "2014-6-13"
    ["saat"]=>
    string(5) "22:00"
    ["tedad"]=>
    string(1) "5"
    ["ghimat"]=>
    float(1322000)
    ["karmozd"]=>
    string(1) "0"
    ["color"]=>
    string(7) "#CBB5CE"
    ["parvaz"]=>
    int(39)
    ["tozihat"]=>
    string(0) ""
  }
  [104]=>
  array(8) {
    ["date"]=>
    string(9) "2014-6-13"
    ["saat"]=>
    string(5) "22:00"
    ["tedad"]=>
    string(1) "1"
    ["ghimat"]=>
    float(1322000)
    ["karmozd"]=>
    string(1) "0"
    ["color"]=>
    string(7) "#CBB5CE"
    ["parvaz"]=>
    int(33)
    ["tozihat"]=>
    string(0) ""
  }
  [105]=>
  array(8) {
    ["date"]=>
    string(9) "2014-6-13"
    ["saat"]=>
    string(5) "23:15"
    ["tedad"]=>
    string(1) "4"
    ["ghimat"]=>
    float(1322000)
    ["karmozd"]=>
    string(1) "0"
    ["color"]=>
    string(7) "#CBB5CE"
    ["parvaz"]=>
    int(32)
    ["tozihat"]=>
    string(0) ""
  }
  [106]=>
  array(8) {
    ["date"]=>
    string(9) "2014-6-13"
    ["saat"]=>
    string(5) "23:00"
    ["tedad"]=>
    string(1) "9"
    ["ghimat"]=>
    float(3600000)
    ["karmozd"]=>
    string(1) "0"
    ["color"]=>
    string(7) "#B56AFF"
    ["parvaz"]=>
    int(119)
    ["tozihat"]=>
    string(0) ""
  }
  [107]=>
  array(8) {
    ["date"]=>
    string(9) "2014-6-14"
    ["saat"]=>
    string(5) "10:30"
    ["tedad"]=>
    string(1) "9"
    ["ghimat"]=>
    float(1112000)
    ["karmozd"]=>
    string(1) "7"
    ["color"]=>
    string(7) "#99F3FB"
    ["parvaz"]=>
    int(133)
    ["tozihat"]=>
    string(59) "داشتن بليت الکترونيک الزامي است."
  }
  [108]=>
  array(8) {
    ["date"]=>
    string(9) "2014-6-14"
    ["saat"]=>
    string(5) "23:30"
    ["tedad"]=>
    string(1) "9"
    ["ghimat"]=>
    float(1112000)
    ["karmozd"]=>
    string(1) "7"
    ["color"]=>
    string(7) "#99F3FB"
    ["parvaz"]=>
    int(111)
    ["tozihat"]=>
    string(59) "داشتن بليت الکترونيک الزامي است."
  }
  [109]=>
  array(8) {
    ["date"]=>
    string(9) "2014-6-14"
    ["saat"]=>
    string(5) "18:00"
    ["tedad"]=>
    string(1) "9"
    ["ghimat"]=>
    float(1648000)
    ["karmozd"]=>
    string(2) "10"
    ["color"]=>
    string(7) "#B4C497"
    ["parvaz"]=>
    int(15)
    ["tozihat"]=>
    string(0) ""
  }
  [110]=>
  array(8) {
    ["date"]=>
    string(9) "2014-6-14"
    ["saat"]=>
    string(5) "07:45"
    ["tedad"]=>
    string(1) "9"
    ["ghimat"]=>
    float(1664000)
    ["karmozd"]=>
    string(1) "7"
    ["color"]=>
    string(7) "#FBDF44"
    ["parvaz"]=>
    int(16)
    ["tozihat"]=>
    string(63) "حتما&quot;اسامي بصورت لاتين وارد شود."
  }
  [111]=>
  array(8) {
    ["date"]=>
    string(9) "2014-6-14"
    ["saat"]=>
    string(5) "08:15"
    ["tedad"]=>
    string(1) "9"
    ["ghimat"]=>
    float(1112000)
    ["karmozd"]=>
    string(1) "7"
    ["color"]=>
    string(7) "#D0FAFD"
    ["parvaz"]=>
    int(135)
    ["tozihat"]=>
    string(59) "داشتن بليت الکترونيک الزامي است."
  }
  [112]=>
  array(8) {
    ["date"]=>
    string(9) "2014-6-14"
    ["saat"]=>
    string(5) "17:55"
    ["tedad"]=>
    string(1) "9"
    ["ghimat"]=>
    float(1112000)
    ["karmozd"]=>
    string(1) "7"
    ["color"]=>
    string(7) "#D0FAFD"
    ["parvaz"]=>
    int(113)
    ["tozihat"]=>
    string(59) "داشتن بليت الکترونيک الزامي است."
  }
  [113]=>
  array(8) {
    ["date"]=>
    string(9) "2014-6-14"
    ["saat"]=>
    string(5) "05:30"
    ["tedad"]=>
    string(1) "9"
    ["ghimat"]=>
    float(1664000)
    ["karmozd"]=>
    string(1) "7"
    ["color"]=>
    string(7) "#ECE2AA"
    ["parvaz"]=>
    int(19)
    ["tozihat"]=>
    string(63) "حتما&quot;اسامي بصورت لاتين وارد شود."
  }
  [114]=>
  array(8) {
    ["date"]=>
    string(9) "2014-6-14"
    ["saat"]=>
    string(5) "08:30"
    ["tedad"]=>
    string(1) "5"
    ["ghimat"]=>
    float(896000)
    ["karmozd"]=>
    string(1) "8"
    ["color"]=>
    string(7) "#ECE2AA"
    ["parvaz"]=>
    int(187)
    ["tozihat"]=>
    string(0) ""
  }
  [115]=>
  array(8) {
    ["date"]=>
    string(9) "2014-6-14"
    ["saat"]=>
    string(5) "10:15"
    ["tedad"]=>
    string(1) "9"
    ["ghimat"]=>
    float(1605000)
    ["karmozd"]=>
    string(1) "7"
    ["color"]=>
    string(7) "#01FCD7"
    ["parvaz"]=>
    int(140)
    ["tozihat"]=>
    string(63) "حتما&quot;اسامي بصورت لاتين وارد شود."
  }
  [116]=>
  array(8) {
    ["date"]=>
    string(9) "2014-6-14"
    ["saat"]=>
    string(5) "20:30"
    ["tedad"]=>
    string(1) "9"
    ["ghimat"]=>
    float(1191000)
    ["karmozd"]=>
    string(1) "7"
    ["color"]=>
    string(7) "#CCFFCC"
    ["parvaz"]=>
    int(115)
    ["tozihat"]=>
    string(6) "&nbsp;"
  }
  [117]=>
  array(8) {
    ["date"]=>
    string(9) "2014-6-14"
    ["saat"]=>
    string(5) "11:45"
    ["tedad"]=>
    string(1) "9"
    ["ghimat"]=>
    float(1170000)
    ["karmozd"]=>
    string(2) "10"
    ["color"]=>
    string(7) "#D9E89F"
    ["parvaz"]=>
    int(11)
    ["tozihat"]=>
    string(6) "&nbsp;"
  }
  [118]=>
  array(8) {
    ["date"]=>
    string(9) "2014-6-14"
    ["saat"]=>
    string(5) "17:15"
    ["tedad"]=>
    string(1) "9"
    ["ghimat"]=>
    float(1260000)
    ["karmozd"]=>
    string(2) "10"
    ["color"]=>
    string(7) "#D9E89F"
    ["parvaz"]=>
    int(12)
    ["tozihat"]=>
    string(6) "&nbsp;"
  }
  [119]=>
  array(8) {
    ["date"]=>
    string(9) "2014-6-14"
    ["saat"]=>
    string(5) "08:50"
    ["tedad"]=>
    string(1) "9"
    ["ghimat"]=>
    float(1000000)
    ["karmozd"]=>
    string(1) "0"
    ["color"]=>
    string(7) "#E1D5E3"
    ["parvaz"]=>
    int(21)
    ["tozihat"]=>
    string(6) "&nbsp;"
  }
  [120]=>
  array(8) {
    ["date"]=>
    string(9) "2014-6-14"
    ["saat"]=>
    string(5) "09:45"
    ["tedad"]=>
    string(1) "9"
    ["ghimat"]=>
    float(1000000)
    ["karmozd"]=>
    string(1) "0"
    ["color"]=>
    string(7) "#E1D5E3"
    ["parvaz"]=>
    int(3)
    ["tozihat"]=>
    string(6) "&nbsp;"
  }
  [121]=>
  array(8) {
    ["date"]=>
    string(9) "2014-6-14"
    ["saat"]=>
    string(5) "10:30"
    ["tedad"]=>
    string(1) "7"
    ["ghimat"]=>
    float(1050000)
    ["karmozd"]=>
    string(1) "0"
    ["color"]=>
    string(7) "#E1D5E3"
    ["parvaz"]=>
    int(24)
    ["tozihat"]=>
    string(6) "&nbsp;"
  }
  [122]=>
  array(8) {
    ["date"]=>
    string(9) "2014-6-14"
    ["saat"]=>
    string(5) "12:30"
    ["tedad"]=>
    string(1) "9"
    ["ghimat"]=>
    float(1050000)
    ["karmozd"]=>
    string(1) "0"
    ["color"]=>
    string(7) "#E1D5E3"
    ["parvaz"]=>
    int(4)
    ["tozihat"]=>
    string(0) ""
  }
  [123]=>
  array(8) {
    ["date"]=>
    string(9) "2014-6-14"
    ["saat"]=>
    string(5) "13:00"
    ["tedad"]=>
    string(1) "9"
    ["ghimat"]=>
    float(1050000)
    ["karmozd"]=>
    string(1) "0"
    ["color"]=>
    string(7) "#E1D5E3"
    ["parvaz"]=>
    int(5)
    ["tozihat"]=>
    string(6) "&nbsp;"
  }
  [124]=>
  array(8) {
    ["date"]=>
    string(9) "2014-6-14"
    ["saat"]=>
    string(5) "15:00"
    ["tedad"]=>
    string(1) "3"
    ["ghimat"]=>
    float(1050000)
    ["karmozd"]=>
    string(1) "0"
    ["color"]=>
    string(7) "#E1D5E3"
    ["parvaz"]=>
    int(26)
    ["tozihat"]=>
    string(6) "&nbsp;"
  }
  [125]=>
  array(8) {
    ["date"]=>
    string(9) "2014-6-14"
    ["saat"]=>
    string(5) "17:45"
    ["tedad"]=>
    string(1) "5"
    ["ghimat"]=>
    float(1050000)
    ["karmozd"]=>
    string(1) "0"
    ["color"]=>
    string(7) "#E1D5E3"
    ["parvaz"]=>
    int(6)
    ["tozihat"]=>
    string(63) "حتما&quot;اسامي بصورت لاتين وارد شود."
  }
  [126]=>
  array(8) {
    ["date"]=>
    string(9) "2014-6-14"
    ["saat"]=>
    string(5) "20:45"
    ["tedad"]=>
    string(1) "9"
    ["ghimat"]=>
    float(1050000)
    ["karmozd"]=>
    string(1) "0"
    ["color"]=>
    string(7) "#E1D5E3"
    ["parvaz"]=>
    int(7)
    ["tozihat"]=>
    string(6) "&nbsp;"
  }
  [127]=>
  array(8) {
    ["date"]=>
    string(9) "2014-6-14"
    ["saat"]=>
    string(5) "10:30"
    ["tedad"]=>
    string(1) "5"
    ["ghimat"]=>
    float(896000)
    ["karmozd"]=>
    string(1) "8"
    ["color"]=>
    string(7) "#E1D5E3"
    ["parvaz"]=>
    int(188)
    ["tozihat"]=>
    string(0) ""
  }
  [128]=>
  array(8) {
    ["date"]=>
    string(9) "2014-6-14"
    ["saat"]=>
    string(5) "12:30"
    ["tedad"]=>
    string(1) "9"
    ["ghimat"]=>
    float(1605000)
    ["karmozd"]=>
    string(1) "7"
    ["color"]=>
    string(7) "#01CDAE"
    ["parvaz"]=>
    int(141)
    ["tozihat"]=>
    string(63) "حتما&quot;اسامي بصورت لاتين وارد شود."
  }
  [129]=>
  array(8) {
    ["date"]=>
    string(9) "2014-6-14"
    ["saat"]=>
    string(5) "14:15"
    ["tedad"]=>
    string(1) "9"
    ["ghimat"]=>
    float(1440000)
    ["karmozd"]=>
    string(2) "10"
    ["color"]=>
    string(7) "#B5D044"
    ["parvaz"]=>
    int(35)
    ["tozihat"]=>
    string(6) "&nbsp;"
  }
  [130]=>
  array(8) {
    ["date"]=>
    string(9) "2014-6-14"
    ["saat"]=>
    string(5) "20:00"
    ["tedad"]=>
    string(1) "3"
    ["ghimat"]=>
    float(1700000)
    ["karmozd"]=>
    string(1) "0"
    ["color"]=>
    string(7) "#B5D044"
    ["parvaz"]=>
    int(40)
    ["tozihat"]=>
    string(6) "&nbsp;"
  }
  [131]=>
  array(8) {
    ["date"]=>
    string(9) "2014-6-14"
    ["saat"]=>
    string(5) "17:30"
    ["tedad"]=>
    string(1) "3"
    ["ghimat"]=>
    float(1584000)
    ["karmozd"]=>
    string(2) "12"
    ["color"]=>
    string(7) "#B5D044"
    ["parvaz"]=>
    int(143)
    ["tozihat"]=>
    string(6) "&nbsp;"
  }
  [132]=>
  array(8) {
    ["date"]=>
    string(9) "2014-6-14"
    ["saat"]=>
    string(5) "12:15"
    ["tedad"]=>
    string(1) "9"
    ["ghimat"]=>
    float(1322000)
    ["karmozd"]=>
    string(1) "0"
    ["color"]=>
    string(7) "#CBB5CE"
    ["parvaz"]=>
    int(31)
    ["tozihat"]=>
    string(6) "&nbsp;"
  }
  [133]=>
  array(8) {
    ["date"]=>
    string(9) "2014-6-14"
    ["saat"]=>
    string(5) "15:15"
    ["tedad"]=>
    string(1) "1"
    ["ghimat"]=>
    float(1322000)
    ["karmozd"]=>
    string(1) "0"
    ["color"]=>
    string(7) "#CBB5CE"
    ["parvaz"]=>
    int(38)
    ["tozihat"]=>
    string(6) "&nbsp;"
  }
  [134]=>
  array(8) {
    ["date"]=>
    string(9) "2014-6-14"
    ["saat"]=>
    string(5) "19:45"
    ["tedad"]=>
    string(1) "7"
    ["ghimat"]=>
    float(1322000)
    ["karmozd"]=>
    string(1) "0"
    ["color"]=>
    string(7) "#CBB5CE"
    ["parvaz"]=>
    int(39)
    ["tozihat"]=>
    string(63) "حتما&quot;اسامي بصورت لاتين وارد شود."
  }
  [135]=>
  array(8) {
    ["date"]=>
    string(9) "2014-6-14"
    ["saat"]=>
    string(5) "21:00"
    ["tedad"]=>
    string(1) "9"
    ["ghimat"]=>
    float(1322000)
    ["karmozd"]=>
    string(1) "0"
    ["color"]=>
    string(7) "#CBB5CE"
    ["parvaz"]=>
    int(8)
    ["tozihat"]=>
    string(0) ""
  }
  [136]=>
  array(8) {
    ["date"]=>
    string(9) "2014-6-14"
    ["saat"]=>
    string(5) "23:00"
    ["tedad"]=>
    string(1) "9"
    ["ghimat"]=>
    float(1322000)
    ["karmozd"]=>
    string(1) "0"
    ["color"]=>
    string(7) "#CBB5CE"
    ["parvaz"]=>
    int(32)
    ["tozihat"]=>
    string(6) "&nbsp;"
  }
  [137]=>
  array(8) {
    ["date"]=>
    string(9) "2014-6-14"
    ["saat"]=>
    string(5) "23:15"
    ["tedad"]=>
    string(1) "5"
    ["ghimat"]=>
    float(1322000)
    ["karmozd"]=>
    string(1) "0"
    ["color"]=>
    string(7) "#CBB5CE"
    ["parvaz"]=>
    int(33)
    ["tozihat"]=>
    string(6) "&nbsp;"
  }
  [138]=>
  array(8) {
    ["date"]=>
    string(9) "2014-6-14"
    ["saat"]=>
    string(5) "15:00"
    ["tedad"]=>
    string(1) "9"
    ["ghimat"]=>
    float(4850000)
    ["karmozd"]=>
    string(1) "0"
    ["color"]=>
    string(7) "#B56AFF"
    ["parvaz"]=>
    int(119)
    ["tozihat"]=>
    string(0) ""
  }
  [139]=>
  array(8) {
    ["date"]=>
    string(9) "2014-6-15"
    ["saat"]=>
    string(5) "23:59"
    ["tedad"]=>
    string(1) "9"
    ["ghimat"]=>
    float(1112000)
    ["karmozd"]=>
    string(1) "7"
    ["color"]=>
    string(7) "#99F3FB"
    ["parvaz"]=>
    int(111)
    ["tozihat"]=>
    string(59) "داشتن بليت الکترونيک الزامي است."
  }
  [140]=>
  array(8) {
    ["date"]=>
    string(9) "2014-6-15"
    ["saat"]=>
    string(5) "12:00"
    ["tedad"]=>
    string(1) "5"
    ["ghimat"]=>
    float(1216000)
    ["karmozd"]=>
    string(1) "5"
    ["color"]=>
    string(7) "#DDD3B7"
    ["parvaz"]=>
    int(120)
    ["tozihat"]=>
    string(6) "&nbsp;"
  }
  [141]=>
  array(8) {
    ["date"]=>
    string(9) "2014-6-15"
    ["saat"]=>
    string(5) "19:35"
    ["tedad"]=>
    string(1) "9"
    ["ghimat"]=>
    float(1648000)
    ["karmozd"]=>
    string(2) "10"
    ["color"]=>
    string(7) "#B4C497"
    ["parvaz"]=>
    int(15)
    ["tozihat"]=>
    string(0) ""
  }
  [142]=>
  array(8) {
    ["date"]=>
    string(9) "2014-6-15"
    ["saat"]=>
    string(5) "07:45"
    ["tedad"]=>
    string(1) "9"
    ["ghimat"]=>
    float(1664000)
    ["karmozd"]=>
    string(1) "7"
    ["color"]=>
    string(7) "#FBDF44"
    ["parvaz"]=>
    int(16)
    ["tozihat"]=>
    string(63) "حتما&quot;اسامي بصورت لاتين وارد شود."
  }
  [143]=>
  array(8) {
    ["date"]=>
    string(9) "2014-6-15"
    ["saat"]=>
    string(5) "21:45"
    ["tedad"]=>
    string(1) "9"
    ["ghimat"]=>
    float(1112000)
    ["karmozd"]=>
    string(1) "7"
    ["color"]=>
    string(7) "#D0FAFD"
    ["parvaz"]=>
    int(113)
    ["tozihat"]=>
    string(59) "داشتن بليت الکترونيک الزامي است."
  }
  [144]=>
  array(8) {
    ["date"]=>
    string(9) "2014-6-15"
    ["saat"]=>
    string(5) "05:30"
    ["tedad"]=>
    string(1) "9"
    ["ghimat"]=>
    float(1664000)
    ["karmozd"]=>
    string(1) "7"
    ["color"]=>
    string(7) "#ECE2AA"
    ["parvaz"]=>
    int(19)
    ["tozihat"]=>
    string(63) "حتما&quot;اسامي بصورت لاتين وارد شود."
  }
  [145]=>
  array(8) {
    ["date"]=>
    string(9) "2014-6-15"
    ["saat"]=>
    string(5) "10:15"
    ["tedad"]=>
    string(1) "9"
    ["ghimat"]=>
    float(925000)
    ["karmozd"]=>
    string(1) "5"
    ["color"]=>
    string(7) "#FFAAD5"
    ["parvaz"]=>
    int(127)
    ["tozihat"]=>
    string(63) "حتما&quot;اسامي بصورت لاتين وارد شود."
  }
  [146]=>
  array(8) {
    ["date"]=>
    string(9) "2014-6-15"
    ["saat"]=>
    string(5) "20:50"
    ["tedad"]=>
    string(1) "9"
    ["ghimat"]=>
    float(1191000)
    ["karmozd"]=>
    string(1) "7"
    ["color"]=>
    string(7) "#CCFFCC"
    ["parvaz"]=>
    int(115)
    ["tozihat"]=>
    string(6) "&nbsp;"
  }
  [147]=>
  array(8) {
    ["date"]=>
    string(9) "2014-6-15"
    ["saat"]=>
    string(5) "07:15"
    ["tedad"]=>
    string(1) "9"
    ["ghimat"]=>
    float(1395000)
    ["karmozd"]=>
    string(2) "10"
    ["color"]=>
    string(7) "#D9E89F"
    ["parvaz"]=>
    int(11)
    ["tozihat"]=>
    string(6) "&nbsp;"
  }
  [148]=>
  array(8) {
    ["date"]=>
    string(9) "2014-6-15"
    ["saat"]=>
    string(5) "17:15"
    ["tedad"]=>
    string(1) "9"
    ["ghimat"]=>
    float(1305000)
    ["karmozd"]=>
    string(2) "10"
    ["color"]=>
    string(7) "#D9E89F"
    ["parvaz"]=>
    int(12)
    ["tozihat"]=>
    string(6) "&nbsp;"
  }
  [149]=>
  array(8) {
    ["date"]=>
    string(9) "2014-6-15"
    ["saat"]=>
    string(5) "11:45"
    ["tedad"]=>
    string(1) "9"
    ["ghimat"]=>
    float(925000)
    ["karmozd"]=>
    string(1) "5"
    ["color"]=>
    string(7) "#FF6AB5"
    ["parvaz"]=>
    int(129)
    ["tozihat"]=>
    string(63) "حتما&quot;اسامي بصورت لاتين وارد شود."
  }
  [150]=>
  array(8) {
    ["date"]=>
    string(9) "2014-6-15"
    ["saat"]=>
    string(5) "10:00"
    ["tedad"]=>
    string(1) "5"
    ["ghimat"]=>
    float(1216000)
    ["karmozd"]=>
    string(1) "5"
    ["color"]=>
    string(7) "#EDE8D8"
    ["parvaz"]=>
    int(131)
    ["tozihat"]=>
    string(6) "&nbsp;"
  }
  [151]=>
  array(8) {
    ["date"]=>
    string(9) "2014-6-15"
    ["saat"]=>
    string(5) "14:15"
    ["tedad"]=>
    string(1) "9"
    ["ghimat"]=>
    float(1350000)
    ["karmozd"]=>
    string(2) "10"
    ["color"]=>
    string(7) "#B5D044"
    ["parvaz"]=>
    int(35)
    ["tozihat"]=>
    string(6) "&nbsp;"
  }
  [152]=>
  array(8) {
    ["date"]=>
    string(9) "2014-6-15"
    ["saat"]=>
    string(5) "20:00"
    ["tedad"]=>
    string(1) "2"
    ["ghimat"]=>
    float(1395000)
    ["karmozd"]=>
    string(2) "10"
    ["color"]=>
    string(7) "#B5D044"
    ["parvaz"]=>
    int(40)
    ["tozihat"]=>
    string(6) "&nbsp;"
  }
  [153]=>
  array(8) {
    ["date"]=>
    string(9) "2014-6-15"
    ["saat"]=>
    string(5) "14:00"
    ["tedad"]=>
    string(1) "9"
    ["ghimat"]=>
    float(5000000)
    ["karmozd"]=>
    string(1) "0"
    ["color"]=>
    string(7) "#FF80C0"
    ["parvaz"]=>
    int(132)
    ["tozihat"]=>
    string(0) ""
  }
  [154]=>
  array(8) {
    ["date"]=>
    string(9) "2014-6-15"
    ["saat"]=>
    string(5) "14:00"
    ["tedad"]=>
    string(1) "6"
    ["ghimat"]=>
    float(1320000)
    ["karmozd"]=>
    string(1) "0"
    ["color"]=>
    string(7) "#CBB5CE"
    ["parvaz"]=>
    int(14)
    ["tozihat"]=>
    string(6) "&nbsp;"
  }
  [155]=>
  array(8) {
    ["date"]=>
    string(9) "2014-6-15"
    ["saat"]=>
    string(5) "19:30"
    ["tedad"]=>
    string(1) "3"
    ["ghimat"]=>
    float(1529000)
    ["karmozd"]=>
    string(1) "5"
    ["color"]=>
    string(7) "#BFBFDF"
    ["parvaz"]=>
    int(137)
    ["tozihat"]=>
    string(6) "&nbsp;"
  }
  [156]=>
  array(8) {
    ["date"]=>
    string(9) "2014-6-16"
    ["saat"]=>
    string(5) "10:30"
    ["tedad"]=>
    string(1) "9"
    ["ghimat"]=>
    float(1112000)
    ["karmozd"]=>
    string(1) "7"
    ["color"]=>
    string(7) "#99F3FB"
    ["parvaz"]=>
    int(133)
    ["tozihat"]=>
    string(59) "داشتن بليت الکترونيک الزامي است."
  }
  [157]=>
  array(8) {
    ["date"]=>
    string(9) "2014-6-16"
    ["saat"]=>
    string(5) "18:25"
    ["tedad"]=>
    string(1) "9"
    ["ghimat"]=>
    float(1112000)
    ["karmozd"]=>
    string(1) "7"
    ["color"]=>
    string(7) "#99F3FB"
    ["parvaz"]=>
    int(111)
    ["tozihat"]=>
    string(59) "داشتن بليت الکترونيک الزامي است."
  }
  [158]=>
  array(8) {
    ["date"]=>
    string(9) "2014-6-16"
    ["saat"]=>
    string(5) "12:00"
    ["tedad"]=>
    string(1) "5"
    ["ghimat"]=>
    float(1216000)
    ["karmozd"]=>
    string(1) "5"
    ["color"]=>
    string(7) "#DDD3B7"
    ["parvaz"]=>
    int(120)
    ["tozihat"]=>
    string(6) "&nbsp;"
  }
  [159]=>
  array(8) {
    ["date"]=>
    string(9) "2014-6-16"
    ["saat"]=>
    string(5) "18:00"
    ["tedad"]=>
    string(1) "1"
    ["ghimat"]=>
    float(1439000)
    ["karmozd"]=>
    string(1) "0"
    ["color"]=>
    string(7) "#E7CAA3"
    ["parvaz"]=>
    int(134)
    ["tozihat"]=>
    string(6) "&nbsp;"
  }
  [160]=>
  array(8) {
    ["date"]=>
    string(9) "2014-6-16"
    ["saat"]=>
    string(5) "07:45"
    ["tedad"]=>
    string(1) "9"
    ["ghimat"]=>
    float(1664000)
    ["karmozd"]=>
    string(1) "7"
    ["color"]=>
    string(7) "#FBDF44"
    ["parvaz"]=>
    int(16)
    ["tozihat"]=>
    string(63) "حتما&quot;اسامي بصورت لاتين وارد شود."
  }
  [161]=>
  array(8) {
    ["date"]=>
    string(9) "2014-6-16"
    ["saat"]=>
    string(5) "08:15"
    ["tedad"]=>
    string(1) "9"
    ["ghimat"]=>
    float(1112000)
    ["karmozd"]=>
    string(1) "7"
    ["color"]=>
    string(7) "#D0FAFD"
    ["parvaz"]=>
    int(135)
    ["tozihat"]=>
    string(59) "داشتن بليت الکترونيک الزامي است."
  }
  [162]=>
  array(8) {
    ["date"]=>
    string(9) "2014-6-16"
    ["saat"]=>
    string(5) "16:15"
    ["tedad"]=>
    string(1) "1"
    ["ghimat"]=>
    float(1112000)
    ["karmozd"]=>
    string(1) "7"
    ["color"]=>
    string(7) "#D0FAFD"
    ["parvaz"]=>
    int(113)
    ["tozihat"]=>
    string(59) "داشتن بليت الکترونيک الزامي است."
  }
  [163]=>
  array(8) {
    ["date"]=>
    string(9) "2014-6-16"
    ["saat"]=>
    string(5) "05:30"
    ["tedad"]=>
    string(1) "9"
    ["ghimat"]=>
    float(1664000)
    ["karmozd"]=>
    string(1) "7"
    ["color"]=>
    string(7) "#ECE2AA"
    ["parvaz"]=>
    int(19)
    ["tozihat"]=>
    string(63) "حتما&quot;اسامي بصورت لاتين وارد شود."
  }
  [164]=>
  array(8) {
    ["date"]=>
    string(9) "2014-6-16"
    ["saat"]=>
    string(5) "08:30"
    ["tedad"]=>
    string(1) "5"
    ["ghimat"]=>
    float(896000)
    ["karmozd"]=>
    string(1) "8"
    ["color"]=>
    string(7) "#ECE2AA"
    ["parvaz"]=>
    int(187)
    ["tozihat"]=>
    string(0) ""
  }
  [165]=>
  array(8) {
    ["date"]=>
    string(9) "2014-6-16"
    ["saat"]=>
    string(5) "20:30"
    ["tedad"]=>
    string(1) "9"
    ["ghimat"]=>
    float(1191000)
    ["karmozd"]=>
    string(1) "7"
    ["color"]=>
    string(7) "#CCFFCC"
    ["parvaz"]=>
    int(115)
    ["tozihat"]=>
    string(6) "&nbsp;"
  }
  [166]=>
  array(8) {
    ["date"]=>
    string(9) "2014-6-16"
    ["saat"]=>
    string(5) "07:15"
    ["tedad"]=>
    string(1) "9"
    ["ghimat"]=>
    float(1440000)
    ["karmozd"]=>
    string(2) "10"
    ["color"]=>
    string(7) "#D9E89F"
    ["parvaz"]=>
    int(11)
    ["tozihat"]=>
    string(6) "&nbsp;"
  }
  [167]=>
  array(8) {
    ["date"]=>
    string(9) "2014-6-16"
    ["saat"]=>
    string(5) "15:00"
    ["tedad"]=>
    string(1) "3"
    ["ghimat"]=>
    float(1395000)
    ["karmozd"]=>
    string(2) "10"
    ["color"]=>
    string(7) "#D9E89F"
    ["parvaz"]=>
    int(79)
    ["tozihat"]=>
    string(6) "&nbsp;"
  }
  [168]=>
  array(8) {
    ["date"]=>
    string(9) "2014-6-16"
    ["saat"]=>
    string(5) "17:15"
    ["tedad"]=>
    string(1) "9"
    ["ghimat"]=>
    float(1350000)
    ["karmozd"]=>
    string(2) "10"
    ["color"]=>
    string(7) "#D9E89F"
    ["parvaz"]=>
    int(12)
    ["tozihat"]=>
    string(6) "&nbsp;"
  }
  [169]=>
  array(8) {
    ["date"]=>
    string(9) "2014-6-16"
    ["saat"]=>
    string(5) "10:30"
    ["tedad"]=>
    string(1) "5"
    ["ghimat"]=>
    float(896000)
    ["karmozd"]=>
    string(1) "8"
    ["color"]=>
    string(7) "#D9E89F"
    ["parvaz"]=>
    int(188)
    ["tozihat"]=>
    string(0) ""
  }
  [170]=>
  array(8) {
    ["date"]=>
    string(9) "2014-6-16"
    ["saat"]=>
    string(5) "10:00"
    ["tedad"]=>
    string(1) "5"
    ["ghimat"]=>
    float(1216000)
    ["karmozd"]=>
    string(1) "5"
    ["color"]=>
    string(7) "#EDE8D8"
    ["parvaz"]=>
    int(131)
    ["tozihat"]=>
    string(6) "&nbsp;"
  }
  [171]=>
  array(8) {
    ["date"]=>
    string(9) "2014-6-16"
    ["saat"]=>
    string(5) "14:15"
    ["tedad"]=>
    string(1) "9"
    ["ghimat"]=>
    float(1350000)
    ["karmozd"]=>
    string(2) "10"
    ["color"]=>
    string(7) "#B5D044"
    ["parvaz"]=>
    int(35)
    ["tozihat"]=>
    string(6) "&nbsp;"
  }
  [172]=>
  array(8) {
    ["date"]=>
    string(9) "2014-6-16"
    ["saat"]=>
    string(5) "17:45"
    ["tedad"]=>
    string(1) "5"
    ["ghimat"]=>
    float(1553000)
    ["karmozd"]=>
    string(2) "10"
    ["color"]=>
    string(7) "#B5D044"
    ["parvaz"]=>
    int(89)
    ["tozihat"]=>
    string(6) "&nbsp;"
  }
  [173]=>
  array(8) {
    ["date"]=>
    string(9) "2014-6-16"
    ["saat"]=>
    string(5) "20:00"
    ["tedad"]=>
    string(1) "8"
    ["ghimat"]=>
    float(1485000)
    ["karmozd"]=>
    string(2) "10"
    ["color"]=>
    string(7) "#B5D044"
    ["parvaz"]=>
    int(40)
    ["tozihat"]=>
    string(6) "&nbsp;"
  }
  [174]=>
  array(8) {
    ["date"]=>
    string(9) "2014-6-16"
    ["saat"]=>
    string(5) "20:30"
    ["tedad"]=>
    string(1) "5"
    ["ghimat"]=>
    float(1529000)
    ["karmozd"]=>
    string(1) "5"
    ["color"]=>
    string(7) "#BFBFDF"
    ["parvaz"]=>
    int(137)
    ["tozihat"]=>
    string(6) "&nbsp;"
  }
  [175]=>
  array(8) {
    ["date"]=>
    string(9) "2014-6-17"
    ["saat"]=>
    string(5) "23:59"
    ["tedad"]=>
    string(1) "9"
    ["ghimat"]=>
    float(1112000)
    ["karmozd"]=>
    string(1) "7"
    ["color"]=>
    string(7) "#99F3FB"
    ["parvaz"]=>
    int(111)
    ["tozihat"]=>
    string(59) "داشتن بليت الکترونيک الزامي است."
  }
  [176]=>
  array(8) {
    ["date"]=>
    string(9) "2014-6-17"
    ["saat"]=>
    string(5) "12:00"
    ["tedad"]=>
    string(1) "5"
    ["ghimat"]=>
    float(1216000)
    ["karmozd"]=>
    string(1) "5"
    ["color"]=>
    string(7) "#DDD3B7"
    ["parvaz"]=>
    int(120)
    ["tozihat"]=>
    string(6) "&nbsp;"
  }
  [177]=>
  array(8) {
    ["date"]=>
    string(9) "2014-6-17"
    ["saat"]=>
    string(5) "16:10"
    ["tedad"]=>
    string(1) "8"
    ["ghimat"]=>
    float(1648000)
    ["karmozd"]=>
    string(2) "10"
    ["color"]=>
    string(7) "#B4C497"
    ["parvaz"]=>
    int(15)
    ["tozihat"]=>
    string(0) ""
  }
  [178]=>
  array(8) {
    ["date"]=>
    string(9) "2014-6-17"
    ["saat"]=>
    string(5) "07:45"
    ["tedad"]=>
    string(1) "9"
    ["ghimat"]=>
    float(1664000)
    ["karmozd"]=>
    string(1) "7"
    ["color"]=>
    string(7) "#FBDF44"
    ["parvaz"]=>
    int(16)
    ["tozihat"]=>
    string(63) "حتما&quot;اسامي بصورت لاتين وارد شود."
  }
  [179]=>
  array(8) {
    ["date"]=>
    string(9) "2014-6-17"
    ["saat"]=>
    string(5) "17:15"
    ["tedad"]=>
    string(1) "9"
    ["ghimat"]=>
    float(1112000)
    ["karmozd"]=>
    string(1) "7"
    ["color"]=>
    string(7) "#D0FAFD"
    ["parvaz"]=>
    int(113)
    ["tozihat"]=>
    string(59) "داشتن بليت الکترونيک الزامي است."
  }
  [180]=>
  array(8) {
    ["date"]=>
    string(9) "2014-6-17"
    ["saat"]=>
    string(5) "05:30"
    ["tedad"]=>
    string(1) "9"
    ["ghimat"]=>
    float(1664000)
    ["karmozd"]=>
    string(1) "7"
    ["color"]=>
    string(7) "#ECE2AA"
    ["parvaz"]=>
    int(19)
    ["tozihat"]=>
    string(63) "حتما&quot;اسامي بصورت لاتين وارد شود."
  }
  [181]=>
  array(8) {
    ["date"]=>
    string(9) "2014-6-17"
    ["saat"]=>
    string(5) "10:15"
    ["tedad"]=>
    string(1) "9"
    ["ghimat"]=>
    float(1605000)
    ["karmozd"]=>
    string(1) "7"
    ["color"]=>
    string(7) "#01FCD7"
    ["parvaz"]=>
    int(140)
    ["tozihat"]=>
    string(63) "حتما&quot;اسامي بصورت لاتين وارد شود."
  }
  [182]=>
  array(8) {
    ["date"]=>
    string(9) "2014-6-17"
    ["saat"]=>
    string(5) "20:50"
    ["tedad"]=>
    string(1) "9"
    ["ghimat"]=>
    float(1191000)
    ["karmozd"]=>
    string(1) "7"
    ["color"]=>
    string(7) "#CCFFCC"
    ["parvaz"]=>
    int(115)
    ["tozihat"]=>
    string(6) "&nbsp;"
  }
  [183]=>
  array(8) {
    ["date"]=>
    string(9) "2014-6-17"
    ["saat"]=>
    string(5) "07:15"
    ["tedad"]=>
    string(1) "9"
    ["ghimat"]=>
    float(1553000)
    ["karmozd"]=>
    string(2) "10"
    ["color"]=>
    string(7) "#D9E89F"
    ["parvaz"]=>
    int(11)
    ["tozihat"]=>
    string(6) "&nbsp;"
  }
  [184]=>
  array(8) {
    ["date"]=>
    string(9) "2014-6-17"
    ["saat"]=>
    string(5) "17:15"
    ["tedad"]=>
    string(1) "4"
    ["ghimat"]=>
    float(1725000)
    ["karmozd"]=>
    string(1) "0"
    ["color"]=>
    string(7) "#D9E89F"
    ["parvaz"]=>
    int(12)
    ["tozihat"]=>
    string(6) "&nbsp;"
  }
  [185]=>
  array(8) {
    ["date"]=>
    string(9) "2014-6-17"
    ["saat"]=>
    string(5) "12:30"
    ["tedad"]=>
    string(1) "9"
    ["ghimat"]=>
    float(1605000)
    ["karmozd"]=>
    string(1) "7"
    ["color"]=>
    string(7) "#01CDAE"
    ["parvaz"]=>
    int(141)
    ["tozihat"]=>
    string(63) "حتما&quot;اسامي بصورت لاتين وارد شود."
  }
  [186]=>
  array(8) {
    ["date"]=>
    string(9) "2014-6-17"
    ["saat"]=>
    string(5) "10:00"
    ["tedad"]=>
    string(1) "5"
    ["ghimat"]=>
    float(1216000)
    ["karmozd"]=>
    string(1) "5"
    ["color"]=>
    string(7) "#EDE8D8"
    ["parvaz"]=>
    int(131)
    ["tozihat"]=>
    string(6) "&nbsp;"
  }
  [187]=>
  array(8) {
    ["date"]=>
    string(9) "2014-6-17"
    ["saat"]=>
    string(5) "14:15"
    ["tedad"]=>
    string(1) "9"
    ["ghimat"]=>
    float(1350000)
    ["karmozd"]=>
    string(2) "10"
    ["color"]=>
    string(7) "#B5D044"
    ["parvaz"]=>
    int(35)
    ["tozihat"]=>
    string(6) "&nbsp;"
  }
  [188]=>
  array(8) {
    ["date"]=>
    string(9) "2014-6-17"
    ["saat"]=>
    string(5) "14:00"
    ["tedad"]=>
    string(1) "5"
    ["ghimat"]=>
    float(1439000)
    ["karmozd"]=>
    string(1) "0"
    ["color"]=>
    string(7) "#EDD8BC"
    ["parvaz"]=>
    int(142)
    ["tozihat"]=>
    string(6) "&nbsp;"
  }
  [189]=>
  array(8) {
    ["date"]=>
    string(9) "2014-6-17"
    ["saat"]=>
    string(5) "13:20"
    ["tedad"]=>
    string(1) "9"
    ["ghimat"]=>
    float(1740000)
    ["karmozd"]=>
    string(1) "5"
    ["color"]=>
    string(7) "#D1DAC0"
    ["parvaz"]=>
    int(27)
    ["tozihat"]=>
    string(0) ""
  }
  [190]=>
  array(8) {
    ["date"]=>
    string(9) "2014-6-17"
    ["saat"]=>
    string(5) "14:00"
    ["tedad"]=>
    string(1) "9"
    ["ghimat"]=>
    float(5000000)
    ["karmozd"]=>
    string(1) "0"
    ["color"]=>
    string(7) "#FF80C0"
    ["parvaz"]=>
    int(132)
    ["tozihat"]=>
    string(0) ""
  }
  [191]=>
  array(8) {
    ["date"]=>
    string(9) "2014-6-17"
    ["saat"]=>
    string(5) "18:00"
    ["tedad"]=>
    string(1) "5"
    ["ghimat"]=>
    float(1584000)
    ["karmozd"]=>
    string(2) "12"
    ["color"]=>
    string(7) "#FF80C0"
    ["parvaz"]=>
    int(143)
    ["tozihat"]=>
    string(6) "&nbsp;"
  }
  [192]=>
  array(8) {
    ["date"]=>
    string(9) "2014-6-17"
    ["saat"]=>
    string(5) "16:45"
    ["tedad"]=>
    string(1) "1"
    ["ghimat"]=>
    float(1322000)
    ["karmozd"]=>
    string(1) "0"
    ["color"]=>
    string(7) "#CBB5CE"
    ["parvaz"]=>
    int(14)
    ["tozihat"]=>
    string(6) "&nbsp;"
  }
  [193]=>
  array(8) {
    ["date"]=>
    string(9) "2014-6-17"
    ["saat"]=>
    string(5) "19:00"
    ["tedad"]=>
    string(1) "2"
    ["ghimat"]=>
    float(1529000)
    ["karmozd"]=>
    string(1) "5"
    ["color"]=>
    string(7) "#BFBFDF"
    ["parvaz"]=>
    int(137)
    ["tozihat"]=>
    string(6) "&nbsp;"
  }
}
